c:\users\windows 8.1\source\repos\bdmysql\bdmysql\debug\bdmysql.pch
c:\users\windows 8.1\source\repos\bdmysql\bdmysql\debug\vc141.pdb
c:\users\windows 8.1\source\repos\bdmysql\bdmysql\debug\vc141.idb
c:\users\windows 8.1\source\repos\bdmysql\bdmysql\debug\stdafx.obj
c:\users\windows 8.1\source\repos\bdmysql\bdmysql\debug\bdmysql.obj
c:\users\windows 8.1\source\repos\bdmysql\bdmysql\debug\connectbd.obj
c:\users\windows 8.1\source\repos\bdmysql\bdmysql\debug\instertable.obj
c:\users\windows 8.1\source\repos\bdmysql\bdmysql\debug\querybd.obj
c:\users\windows 8.1\source\repos\bdmysql\bdmysql\debug\insertbd.obj
c:\users\windows 8.1\source\repos\bdmysql\bdmysql\debug\my_ex_duplicat.obj
c:\users\windows 8.1\source\repos\bdmysql\bdmysql\debug\my_ex_empty_result.obj
c:\users\windows 8.1\source\repos\bdmysql\bdmysql\debug\replacebd.obj
c:\users\windows 8.1\source\repos\bdmysql\bdmysql\debug\testfile.obj
c:\users\windows 8.1\source\repos\bdmysql\bdmysql\debug\searchbd.obj
c:\users\windows 8.1\source\repos\bdmysql\bdmysql\debug\my_ex_not_found.obj
c:\users\windows 8.1\source\repos\bdmysql\debug\bdmysql.exe
c:\users\windows 8.1\source\repos\bdmysql\debug\bdmysql.ilk
c:\users\windows 8.1\source\repos\bdmysql\debug\bdmysql.pdb
c:\users\student\desktop\bdmysql\bdmysql\debug\bdmysql.obj
c:\users\student\desktop\bdmysql\bdmysql\debug\connectbd.obj
c:\users\student\desktop\bdmysql\bdmysql\debug\insertbd.obj
c:\users\student\desktop\bdmysql\bdmysql\debug\instertable.obj
c:\users\student\desktop\bdmysql\bdmysql\debug\my_exception.obj
c:\users\student\desktop\bdmysql\bdmysql\debug\my_ex_duplicat.obj
c:\users\student\desktop\bdmysql\bdmysql\debug\my_ex_empty_result.obj
c:\users\student\desktop\bdmysql\bdmysql\debug\my_ex_not_found.obj
c:\users\student\desktop\bdmysql\bdmysql\debug\querybd.obj
c:\users\student\desktop\bdmysql\bdmysql\debug\replacebd.obj
c:\users\student\desktop\bdmysql\bdmysql\debug\searchbd.obj
c:\users\student\desktop\bdmysql\bdmysql\debug\stdafx.obj
c:\users\student\desktop\bdmysql\bdmysql\debug\testfile.obj
c:\users\student\desktop\bdmysql\bdmysql\debug\bdmysql.obj.enc
c:\users\student\desktop\bdmysql\bdmysql\debug\insertbd.obj.enc
c:\users\student\desktop\bdmysql\bdmysql\debug\querybd.obj.enc
c:\users\student\desktop\bdmysql\bdmysql\debug\bdmysql.pch
c:\users\student\desktop\bdmysql\bdmysql\debug\vc141.idb
c:\users\student\desktop\bdmysql\bdmysql\debug\vc141.pdb
c:\users\student\desktop\bdmysql\debug\bdmysql.pdb
c:\users\student\desktop\bdmysql\debug\bdmysql.exe
c:\users\student\desktop\bdmysql\debug\bdmysql.ilk
c:\users\student\desktop\bdmysql\bdmysql\debug\bdmysql.tlog\cl.command.1.tlog
c:\users\student\desktop\bdmysql\bdmysql\debug\bdmysql.tlog\cl.read.1.tlog
c:\users\student\desktop\bdmysql\bdmysql\debug\bdmysql.tlog\cl.write.1.tlog
c:\users\student\desktop\bdmysql\bdmysql\debug\bdmysql.tlog\link.command.1.tlog
c:\users\student\desktop\bdmysql\bdmysql\debug\bdmysql.tlog\link.read.1.tlog
c:\users\student\desktop\bdmysql\bdmysql\debug\bdmysql.tlog\link.write.1.tlog
